 
****************************************
Report : area
Design : JAM
Version: S-2021.06-SP2
Date   : Tue Jul 19 15:19:35 2022
****************************************

Library(s) Used:

    slow (File: /usr/cad/designkit/CBDK_IC_Contest_v2.5/SynopsysDC/db/slow.db)

Number of ports:                           30
Number of nets:                           753
Number of cells:                          701
Number of combinational cells:            571
Number of sequential cells:               129
Number of macros/black boxes:               0
Number of buf/inv:                        105
Number of references:                      79

Combinational area:               4745.930414
Buf/Inv area:                      690.841796
Noncombinational area:            4129.774120
Macro/Black Box area:                0.000000
Net Interconnect area:           96320.486481

Total cell area:                  8875.704534
Total area:                     105196.191015
1
